  [1m[35m (306.4ms)[0m  [1m[35mCREATE DATABASE "db/insta-development" ENCODING = 'utf8'[0m
  [1m[35m (114.9ms)[0m  [1m[35mCREATE DATABASE "db/insta-test" ENCODING = 'utf8'[0m
  [1m[35m (6.5ms)[0m  [1m[35mCREATE TABLE "schema_migrations" ("version" character varying NOT NULL PRIMARY KEY)[0m
  [1m[35m (4.0ms)[0m  [1m[35mCREATE TABLE "ar_internal_metadata" ("key" character varying NOT NULL PRIMARY KEY, "value" character varying, "created_at" timestamp(6) NOT NULL, "updated_at" timestamp(6) NOT NULL)[0m
  [1m[35m (0.2ms)[0m  [1m[34mSELECT pg_try_advisory_lock(7024507325193220695)[0m
  [1m[35m (0.5ms)[0m  [1m[34mSELECT "schema_migrations"."version" FROM "schema_migrations" ORDER BY "schema_migrations"."version" ASC[0m
Migrating to DeviseCreateAccounts (20200413085518)
  [1m[35m (0.2ms)[0m  [1m[35mBEGIN[0m
  [1m[35m (5.8ms)[0m  [1m[35mCREATE TABLE "accounts" ("id" bigserial primary key, "email" character varying DEFAULT '' NOT NULL, "encrypted_password" character varying DEFAULT '' NOT NULL, "reset_password_token" character varying, "reset_password_sent_at" timestamp, "remember_created_at" timestamp, "sign_in_count" integer DEFAULT 0 NOT NULL, "current_sign_in_at" timestamp, "last_sign_in_at" timestamp, "current_sign_in_ip" inet, "last_sign_in_ip" inet, "confirmation_token" character varying, "confirmed_at" timestamp, "confirmation_sent_at" timestamp, "unconfirmed_email" character varying, "failed_attempts" integer DEFAULT 0 NOT NULL, "unlock_token" character varying, "locked_at" timestamp, "created_at" timestamp(6) NOT NULL, "updated_at" timestamp(6) NOT NULL)[0m
  [1m[35m (1.7ms)[0m  [1m[35mCREATE UNIQUE INDEX  "index_accounts_on_email" ON "accounts"  ("email")[0m
  [1m[35m (2.1ms)[0m  [1m[35mCREATE UNIQUE INDEX  "index_accounts_on_reset_password_token" ON "accounts"  ("reset_password_token")[0m
  [1m[36mprimary::SchemaMigration Create (1.3ms)[0m  [1m[32mINSERT INTO "schema_migrations" ("version") VALUES ($1) RETURNING "version"[0m  [["version", "20200413085518"]]
  [1m[35m (0.8ms)[0m  [1m[35mCOMMIT[0m
  [1m[36mActiveRecord::InternalMetadata Load (0.6ms)[0m  [1m[34mSELECT "ar_internal_metadata".* FROM "ar_internal_metadata" WHERE "ar_internal_metadata"."key" = $1 LIMIT $2[0m  [["key", "environment"], ["LIMIT", 1]]
  [1m[35m (1.1ms)[0m  [1m[35mBEGIN[0m
  [1m[36mActiveRecord::InternalMetadata Create (0.9ms)[0m  [1m[32mINSERT INTO "ar_internal_metadata" ("key", "value", "created_at", "updated_at") VALUES ($1, $2, $3, $4) RETURNING "key"[0m  [["key", "environment"], ["value", "development"], ["created_at", "2020-04-13 08:57:56.629766"], ["updated_at", "2020-04-13 08:57:56.629766"]]
  [1m[35m (0.7ms)[0m  [1m[35mCOMMIT[0m
  [1m[35m (0.3ms)[0m  [1m[34mSELECT pg_advisory_unlock(7024507325193220695)[0m
  [1m[35m (1.3ms)[0m  [1m[34mSELECT "schema_migrations"."version" FROM "schema_migrations" ORDER BY "schema_migrations"."version" ASC[0m
Started GET "/" for ::1 at 2020-04-13 10:04:08 +0100
  [1m[35m (0.6ms)[0m  [1m[34mSELECT "schema_migrations"."version" FROM "schema_migrations" ORDER BY "schema_migrations"."version" ASC[0m
Processing by PublicController#homepage as HTML
  Rendering public/homepage.html.erb within layouts/application
  Rendered public/homepage.html.erb within layouts/application (Duration: 2.4ms | Allocations: 365)
[Webpacker] Compiling...
[Webpacker] Compiled all packs in /Users/student/Desktop/Projects/instagram-challenge/instagram-clone/public/packs
[Webpacker] Hash: 32e57f147dbdcbbf0c82
Version: webpack 4.42.1
Time: 2311ms
Built at: 13/04/2020 10:04:13
                                     Asset       Size       Chunks                         Chunk Names
    js/application-bbe9c4a129ab949e0636.js    124 KiB  application  [emitted] [immutable]  application
js/application-bbe9c4a129ab949e0636.js.map    139 KiB  application  [emitted] [dev]        application
                             manifest.json  364 bytes               [emitted]              
Entrypoint application = js/application-bbe9c4a129ab949e0636.js js/application-bbe9c4a129ab949e0636.js.map
[./app/javascript/channels sync recursive _channel\.js$] ./app/javascript/channels sync _channel\.js$ 160 bytes {application} [built]
[./app/javascript/channels/index.js] 211 bytes {application} [built]
[./app/javascript/packs/application.js] 749 bytes {application} [built]
[./node_modules/webpack/buildin/module.js] (webpack)/buildin/module.js 552 bytes {application} [built]
    + 3 hidden modules

Completed 200 OK in 5467ms (Views: 5460.7ms | ActiveRecord: 0.0ms | Allocations: 23147)


Started GET "/" for ::1 at 2020-04-13 10:12:45 +0100
  [1m[35m (1.0ms)[0m  [1m[34mSELECT "schema_migrations"."version" FROM "schema_migrations" ORDER BY "schema_migrations"."version" ASC[0m
Processing by PublicController#homepage as HTML
  Rendering public/homepage.html.erb within layouts/application
  Rendered public/homepage.html.erb within layouts/application (Duration: 1.9ms | Allocations: 200)
[Webpacker] Everything's up-to-date. Nothing to do
Completed 200 OK in 34ms (Views: 31.4ms | ActiveRecord: 0.0ms | Allocations: 7891)


DEPRECATION WARNING: Using `bin/rake routes` is deprecated and will be removed in Rails 6.1. Use `bin/rails routes` instead.
 (called from load at /Users/student/.rvm/gems/ruby-2.6.5/bin/rake:23)
Started GET "/" for ::1 at 2020-04-13 10:30:55 +0100
  [1m[35m (1.0ms)[0m  [1m[34mSELECT "schema_migrations"."version" FROM "schema_migrations" ORDER BY "schema_migrations"."version" ASC[0m
Processing by PublicController#homepage as HTML
  Rendering public/homepage.html.erb within layouts/application
  Rendered public/homepage.html.erb within layouts/application (Duration: 536.0ms | Allocations: 171908)
Completed 500 Internal Server Error in 548ms (ActiveRecord: 0.0ms | Allocations: 173757)


  
ActionView::Template::Error (undefined local variable or method `new_account_registration' for #<#<Class:0x00007fb4cbb10260>:0x00007fb4cbb1a8f0>
Did you mean?  new_account_registration_url
               new_account_registration_path):
    2: 
    3: <p class="lead">please sign in</p>
    4: 
    5: <%= link_to "Sign Up", new_account_registration, class: "btn btn-success" %>
  
app/views/public/homepage.html.erb:5
Started GET "/" for ::1 at 2020-04-13 10:31:27 +0100
Processing by PublicController#homepage as HTML
  Rendering public/homepage.html.erb within layouts/application
  Rendered public/homepage.html.erb within layouts/application (Duration: 1.2ms | Allocations: 165)
Completed 500 Internal Server Error in 18ms (ActiveRecord: 0.0ms | Allocations: 7562)


  
ActionView::Template::Error (couldn't find file 'bootstap.min' with type 'text/css'
Checked in these paths: 
  /Users/student/Desktop/Projects/instagram-challenge/app/assets/config
  /Users/student/Desktop/Projects/instagram-challenge/app/assets/images
  /Users/student/Desktop/Projects/instagram-challenge/app/assets/stylesheets
  /Users/student/Desktop/Projects/instagram-challenge/vendor/assets/javascripts
  /Users/student/Desktop/Projects/instagram-challenge/vendor/assets/stylesheets
  /Users/student/.rvm/gems/ruby-2.6.5/gems/actioncable-6.0.2.2/app/assets/javascripts
  /Users/student/.rvm/gems/ruby-2.6.5/gems/activestorage-6.0.2.2/app/assets/javascripts
  /Users/student/.rvm/gems/ruby-2.6.5/gems/actionview-6.0.2.2/lib/assets/compiled
  /Users/student/Desktop/Projects/instagram-challenge/node_modules
  /Users/student/.rvm/gems/ruby-2.6.5/gems/popper_js-1.16.0/assets/javascripts
  /Users/student/.rvm/gems/ruby-2.6.5/gems/bootstrap-4.4.1/assets/stylesheets
  /Users/student/.rvm/gems/ruby-2.6.5/gems/bootstrap-4.4.1/assets/javascripts):
    13:   <%= csrf_meta_tags %>
    14:     <%= csp_meta_tag %>
    15: 
    16:     <%= stylesheet_link_tag 'application', media: 'all', 'data-turbolinks-track': 'reload' %>
    17:     <%= javascript_pack_tag 'application', 'data-turbolinks-track': 'reload' %>
    18: 
    19: </head>
  
app/assets/stylesheets/application.css:15
app/views/layouts/application.html.erb:16
Started GET "/" for ::1 at 2020-04-13 10:32:32 +0100
  [1m[35m (0.6ms)[0m  [1m[34mSELECT "schema_migrations"."version" FROM "schema_migrations" ORDER BY "schema_migrations"."version" ASC[0m
Processing by PublicController#homepage as HTML
  Rendering public/homepage.html.erb within layouts/application
  Rendered public/homepage.html.erb within layouts/application (Duration: 1.1ms | Allocations: 290)
Completed 500 Internal Server Error in 19ms (ActiveRecord: 0.0ms | Allocations: 8557)


  
ActionView::Template::Error (couldn't find file 'bootstap.min' with type 'text/css'
Checked in these paths: 
  /Users/student/Desktop/Projects/instagram-challenge/app/assets/config
  /Users/student/Desktop/Projects/instagram-challenge/app/assets/images
  /Users/student/Desktop/Projects/instagram-challenge/app/assets/stylesheets
  /Users/student/Desktop/Projects/instagram-challenge/vendor/assets/javascripts
  /Users/student/Desktop/Projects/instagram-challenge/vendor/assets/stylesheets
  /Users/student/.rvm/gems/ruby-2.6.5/gems/actioncable-6.0.2.2/app/assets/javascripts
  /Users/student/.rvm/gems/ruby-2.6.5/gems/activestorage-6.0.2.2/app/assets/javascripts
  /Users/student/.rvm/gems/ruby-2.6.5/gems/actionview-6.0.2.2/lib/assets/compiled
  /Users/student/Desktop/Projects/instagram-challenge/node_modules
  /Users/student/.rvm/gems/ruby-2.6.5/gems/popper_js-1.16.0/assets/javascripts
  /Users/student/.rvm/gems/ruby-2.6.5/gems/bootstrap-4.4.1/assets/stylesheets
  /Users/student/.rvm/gems/ruby-2.6.5/gems/bootstrap-4.4.1/assets/javascripts):
    13:   <%= csrf_meta_tags %>
    14:     <%= csp_meta_tag %>
    15: 
    16:     <%= stylesheet_link_tag 'application', media: 'all', 'data-turbolinks-track': 'reload' %>
    17:     <%= javascript_pack_tag 'application', 'data-turbolinks-track': 'reload' %>
    18: 
    19: </head>
  
app/assets/stylesheets/application.css:15
app/views/layouts/application.html.erb:16
Started GET "/" for ::1 at 2020-04-13 10:32:58 +0100
  [1m[35m (0.6ms)[0m  [1m[34mSELECT "schema_migrations"."version" FROM "schema_migrations" ORDER BY "schema_migrations"."version" ASC[0m
Processing by PublicController#homepage as HTML
  Rendering public/homepage.html.erb within layouts/application
  Rendered public/homepage.html.erb within layouts/application (Duration: 1.0ms | Allocations: 290)
[Webpacker] Everything's up-to-date. Nothing to do
Completed 200 OK in 1270ms (Views: 1268.6ms | ActiveRecord: 0.0ms | Allocations: 24569)


Started GET "/accounts/sign_up" for ::1 at 2020-04-13 10:34:49 +0100
  [1m[35m (1.0ms)[0m  [1m[34mSELECT "schema_migrations"."version" FROM "schema_migrations" ORDER BY "schema_migrations"."version" ASC[0m
Processing by Devise::RegistrationsController#new as HTML
  Rendering devise/registrations/new.html.erb within layouts/application
  Rendered devise/shared/_error_messages.html.erb (Duration: 1.3ms | Allocations: 207)
  Rendered devise/shared/_links.html.erb (Duration: 1.9ms | Allocations: 527)
  Rendered devise/registrations/new.html.erb within layouts/application (Duration: 41.4ms | Allocations: 8975)
[Webpacker] Everything's up-to-date. Nothing to do
Completed 200 OK in 98ms (Views: 64.1ms | ActiveRecord: 8.6ms | Allocations: 31517)


Started GET "/" for ::1 at 2020-04-13 10:36:58 +0100
Processing by PublicController#homepage as HTML
  Rendering public/homepage.html.erb within layouts/application
  Rendered public/homepage.html.erb within layouts/application (Duration: 0.7ms | Allocations: 209)
[Webpacker] Everything's up-to-date. Nothing to do
Completed 200 OK in 11ms (Views: 10.1ms | ActiveRecord: 0.0ms | Allocations: 5557)


Started GET "/accounts/sign_in" for ::1 at 2020-04-13 10:37:08 +0100
Processing by Devise::SessionsController#new as HTML
  Rendering devise/sessions/new.html.erb within layouts/application
  Rendered devise/shared/_links.html.erb (Duration: 1.7ms | Allocations: 603)
  Rendered devise/sessions/new.html.erb within layouts/application (Duration: 10.8ms | Allocations: 2541)
[Webpacker] Everything's up-to-date. Nothing to do
Completed 200 OK in 30ms (Views: 23.7ms | ActiveRecord: 0.0ms | Allocations: 8640)


Started GET "/accounts/sign_up" for ::1 at 2020-04-13 10:37:09 +0100
Processing by Devise::RegistrationsController#new as HTML
  Rendering devise/registrations/new.html.erb within layouts/application
  Rendered devise/shared/_error_messages.html.erb (Duration: 0.9ms | Allocations: 197)
  Rendered devise/shared/_links.html.erb (Duration: 0.2ms | Allocations: 80)
  Rendered devise/registrations/new.html.erb within layouts/application (Duration: 5.2ms | Allocations: 1727)
[Webpacker] Everything's up-to-date. Nothing to do
Completed 200 OK in 22ms (Views: 18.9ms | ActiveRecord: 0.0ms | Allocations: 6868)


Started GET "/accounts/sign_in" for ::1 at 2020-04-13 10:37:10 +0100
Processing by Devise::SessionsController#new as HTML
  Rendering devise/sessions/new.html.erb within layouts/application
  Rendered devise/shared/_links.html.erb (Duration: 5.7ms | Allocations: 134)
  Rendered devise/sessions/new.html.erb within layouts/application (Duration: 12.8ms | Allocations: 1072)
[Webpacker] Everything's up-to-date. Nothing to do
Completed 200 OK in 29ms (Views: 26.8ms | ActiveRecord: 0.0ms | Allocations: 5629)


Started GET "/accounts/sign_up" for ::1 at 2020-04-13 10:37:11 +0100
Processing by Devise::RegistrationsController#new as HTML
  Rendering devise/registrations/new.html.erb within layouts/application
  Rendered devise/shared/_error_messages.html.erb (Duration: 0.0ms | Allocations: 15)
  Rendered devise/shared/_links.html.erb (Duration: 0.2ms | Allocations: 78)
  Rendered devise/registrations/new.html.erb within layouts/application (Duration: 3.9ms | Allocations: 1077)
[Webpacker] Everything's up-to-date. Nothing to do
Completed 200 OK in 20ms (Views: 17.1ms | ActiveRecord: 0.0ms | Allocations: 5559)


Started POST "/accounts" for ::1 at 2020-04-13 10:39:09 +0100
Processing by Devise::RegistrationsController#create as HTML
  Parameters: {"authenticity_token"=>"L7QIt5CDgC01tWXtn1AYgbDj7LLQKBG/XolGUrxK158J+FPBgAObmnNheqLLyors+f+K1gT0tLCVlFmrc3r8Hg==", "account"=>{"email"=>"gls@example.com", "password"=>"[FILTERED]", "password_confirmation"=>"[FILTERED]"}, "commit"=>"Sign up"}
  [1m[35m (0.3ms)[0m  [1m[35mBEGIN[0m
  [1m[36mAccount Exists? (2.9ms)[0m  [1m[34mSELECT 1 AS one FROM "accounts" WHERE "accounts"."email" = $1 LIMIT $2[0m  [["email", "gls@example.com"], ["LIMIT", 1]]
  [1m[36mAccount Create (0.8ms)[0m  [1m[32mINSERT INTO "accounts" ("email", "encrypted_password", "created_at", "updated_at") VALUES ($1, $2, $3, $4) RETURNING "id"[0m  [["email", "gls@example.com"], ["encrypted_password", "$2a$11$RAuqs29xJxDgSda/yCtSeu9xsuEVs3T6RuusNW67t2OJSQuBea6yi"], ["created_at", "2020-04-13 09:39:10.014607"], ["updated_at", "2020-04-13 09:39:10.014607"]]
  [1m[35m (1.4ms)[0m  [1m[35mCOMMIT[0m
Redirected to http://localhost:3000/
Completed 302 Found in 155ms (ActiveRecord: 5.4ms | Allocations: 10318)


Started GET "/" for ::1 at 2020-04-13 10:39:10 +0100
Processing by PublicController#homepage as HTML
  Rendering public/homepage.html.erb within layouts/application
  Rendered public/homepage.html.erb within layouts/application (Duration: 0.2ms | Allocations: 80)
[Webpacker] Everything's up-to-date. Nothing to do
Completed 200 OK in 7ms (Views: 7.0ms | ActiveRecord: 0.0ms | Allocations: 4405)


Started GET "/accounts/sign_in" for ::1 at 2020-04-13 10:39:11 +0100
Processing by Devise::SessionsController#new as HTML
  [1m[36mAccount Load (0.6ms)[0m  [1m[34mSELECT "accounts".* FROM "accounts" WHERE "accounts"."id" = $1 ORDER BY "accounts"."id" ASC LIMIT $2[0m  [["id", 1], ["LIMIT", 1]]
Redirected to http://localhost:3000/
Filter chain halted as :require_no_authentication rendered or redirected
Completed 302 Found in 12ms (ActiveRecord: 0.9ms | Allocations: 1998)


Started GET "/" for ::1 at 2020-04-13 10:39:11 +0100
Processing by PublicController#homepage as HTML
  Rendering public/homepage.html.erb within layouts/application
  Rendered public/homepage.html.erb within layouts/application (Duration: 0.4ms | Allocations: 74)
[Webpacker] Everything's up-to-date. Nothing to do
Completed 200 OK in 10ms (Views: 9.3ms | ActiveRecord: 0.0ms | Allocations: 4392)


Started GET "/accounts/sign_in" for ::1 at 2020-04-13 10:39:13 +0100
Processing by Devise::SessionsController#new as HTML
  [1m[36mAccount Load (0.4ms)[0m  [1m[34mSELECT "accounts".* FROM "accounts" WHERE "accounts"."id" = $1 ORDER BY "accounts"."id" ASC LIMIT $2[0m  [["id", 1], ["LIMIT", 1]]
Redirected to http://localhost:3000/
Filter chain halted as :require_no_authentication rendered or redirected
Completed 302 Found in 4ms (ActiveRecord: 0.4ms | Allocations: 1836)


Started GET "/" for ::1 at 2020-04-13 10:39:13 +0100
Processing by PublicController#homepage as HTML
  Rendering public/homepage.html.erb within layouts/application
  Rendered public/homepage.html.erb within layouts/application (Duration: 0.2ms | Allocations: 74)
[Webpacker] Everything's up-to-date. Nothing to do
Completed 200 OK in 8ms (Views: 7.6ms | ActiveRecord: 0.0ms | Allocations: 4370)


  [1m[35m (0.2ms)[0m  [1m[34mSELECT pg_try_advisory_lock(7024507325193220695)[0m
  [1m[35m (0.7ms)[0m  [1m[34mSELECT "schema_migrations"."version" FROM "schema_migrations" ORDER BY "schema_migrations"."version" ASC[0m
Migrating to CreatePosts (20200413094258)
  [1m[35m (0.3ms)[0m  [1m[34mSELECT pg_advisory_unlock(7024507325193220695)[0m
  [1m[35m (0.2ms)[0m  [1m[34mSELECT pg_try_advisory_lock(7024507325193220695)[0m
  [1m[35m (0.7ms)[0m  [1m[34mSELECT "schema_migrations"."version" FROM "schema_migrations" ORDER BY "schema_migrations"."version" ASC[0m
Migrating to CreatePosts (20200413094258)
  [1m[35m (0.2ms)[0m  [1m[35mBEGIN[0m
  [1m[35m (9.6ms)[0m  [1m[35mCREATE TABLE "posts" ("id" bigserial primary key, "image" character varying, "active" boolean, "account_id" bigint, "created_at" timestamp(6) NOT NULL, "updated_at" timestamp(6) NOT NULL)[0m
  [1m[35m (2.7ms)[0m  [1m[35mCREATE  INDEX  "index_posts_on_account_id" ON "posts"  ("account_id")[0m
  [1m[36mprimary::SchemaMigration Create (0.5ms)[0m  [1m[32mINSERT INTO "schema_migrations" ("version") VALUES ($1) RETURNING "version"[0m  [["version", "20200413094258"]]
  [1m[35m (0.8ms)[0m  [1m[35mCOMMIT[0m
  [1m[36mActiveRecord::InternalMetadata Load (0.4ms)[0m  [1m[34mSELECT "ar_internal_metadata".* FROM "ar_internal_metadata" WHERE "ar_internal_metadata"."key" = $1 LIMIT $2[0m  [["key", "environment"], ["LIMIT", 1]]
  [1m[35m (0.3ms)[0m  [1m[34mSELECT pg_advisory_unlock(7024507325193220695)[0m
  [1m[35m (0.8ms)[0m  [1m[34mSELECT "schema_migrations"."version" FROM "schema_migrations" ORDER BY "schema_migrations"."version" ASC[0m
Started GET "/accounts/sign_in" for ::1 at 2020-04-13 11:40:40 +0100
  [1m[35m (1.8ms)[0m  [1m[34mSELECT "schema_migrations"."version" FROM "schema_migrations" ORDER BY "schema_migrations"."version" ASC[0m
Processing by Devise::SessionsController#new as HTML
  [1m[36mAccount Load (0.8ms)[0m  [1m[34mSELECT "accounts".* FROM "accounts" WHERE "accounts"."id" = $1 ORDER BY "accounts"."id" ASC LIMIT $2[0m  [["id", 1], ["LIMIT", 1]]
Redirected to http://localhost:3000/
Filter chain halted as :require_no_authentication rendered or redirected
Completed 302 Found in 75ms (ActiveRecord: 8.4ms | Allocations: 17575)


Started GET "/" for ::1 at 2020-04-13 11:40:40 +0100
Processing by PublicController#homepage as HTML
  Rendering public/homepage.html.erb within layouts/application
  Rendered public/homepage.html.erb within layouts/application (Duration: 2.6ms | Allocations: 334)
[Webpacker] Everything's up-to-date. Nothing to do
Completed 200 OK in 1317ms (Views: 1310.9ms | ActiveRecord: 0.0ms | Allocations: 28373)


Started GET "/" for ::1 at 2020-04-13 11:40:44 +0100
Processing by PublicController#homepage as HTML
  Rendering public/homepage.html.erb within layouts/application
  Rendered public/homepage.html.erb within layouts/application (Duration: 0.3ms | Allocations: 81)
[Webpacker] Everything's up-to-date. Nothing to do
Completed 200 OK in 11ms (Views: 10.1ms | ActiveRecord: 0.0ms | Allocations: 4488)


Started GET "/posts" for ::1 at 2020-04-13 11:40:45 +0100
  
ActionController::RoutingError (No route matches [GET] "/posts"):
  
actionpack (6.0.2.2) lib/action_dispatch/middleware/debug_exceptions.rb:36:in `call'
web-console (4.0.1) lib/web_console/middleware.rb:132:in `call_app'
web-console (4.0.1) lib/web_console/middleware.rb:28:in `block in call'
web-console (4.0.1) lib/web_console/middleware.rb:17:in `catch'
web-console (4.0.1) lib/web_console/middleware.rb:17:in `call'
actionpack (6.0.2.2) lib/action_dispatch/middleware/show_exceptions.rb:33:in `call'
railties (6.0.2.2) lib/rails/rack/logger.rb:38:in `call_app'
railties (6.0.2.2) lib/rails/rack/logger.rb:26:in `block in call'
activesupport (6.0.2.2) lib/active_support/tagged_logging.rb:80:in `block in tagged'
activesupport (6.0.2.2) lib/active_support/tagged_logging.rb:28:in `tagged'
activesupport (6.0.2.2) lib/active_support/tagged_logging.rb:80:in `tagged'
railties (6.0.2.2) lib/rails/rack/logger.rb:26:in `call'
sprockets-rails (3.2.1) lib/sprockets/rails/quiet_assets.rb:13:in `call'
actionpack (6.0.2.2) lib/action_dispatch/middleware/remote_ip.rb:81:in `call'
actionpack (6.0.2.2) lib/action_dispatch/middleware/request_id.rb:27:in `call'
rack (2.2.2) lib/rack/method_override.rb:24:in `call'
rack (2.2.2) lib/rack/runtime.rb:22:in `call'
activesupport (6.0.2.2) lib/active_support/cache/strategy/local_cache_middleware.rb:29:in `call'
actionpack (6.0.2.2) lib/action_dispatch/middleware/executor.rb:14:in `call'
actionpack (6.0.2.2) lib/action_dispatch/middleware/static.rb:126:in `call'
rack (2.2.2) lib/rack/sendfile.rb:110:in `call'
actionpack (6.0.2.2) lib/action_dispatch/middleware/host_authorization.rb:83:in `call'
webpacker (4.2.2) lib/webpacker/dev_server_proxy.rb:23:in `perform_request'
rack-proxy (0.6.5) lib/rack/proxy.rb:57:in `call'
railties (6.0.2.2) lib/rails/engine.rb:526:in `call'
puma (4.3.3) lib/puma/configuration.rb:228:in `call'
puma (4.3.3) lib/puma/server.rb:682:in `handle_request'
puma (4.3.3) lib/puma/server.rb:472:in `process_client'
puma (4.3.3) lib/puma/server.rb:328:in `block in run'
puma (4.3.3) lib/puma/thread_pool.rb:134:in `block in spawn_thread'
Started GET "/posts" for ::1 at 2020-04-13 11:40:47 +0100
  
ActionController::RoutingError (No route matches [GET] "/posts"):
  
actionpack (6.0.2.2) lib/action_dispatch/middleware/debug_exceptions.rb:36:in `call'
web-console (4.0.1) lib/web_console/middleware.rb:132:in `call_app'
web-console (4.0.1) lib/web_console/middleware.rb:28:in `block in call'
web-console (4.0.1) lib/web_console/middleware.rb:17:in `catch'
web-console (4.0.1) lib/web_console/middleware.rb:17:in `call'
actionpack (6.0.2.2) lib/action_dispatch/middleware/show_exceptions.rb:33:in `call'
railties (6.0.2.2) lib/rails/rack/logger.rb:38:in `call_app'
railties (6.0.2.2) lib/rails/rack/logger.rb:26:in `block in call'
activesupport (6.0.2.2) lib/active_support/tagged_logging.rb:80:in `block in tagged'
activesupport (6.0.2.2) lib/active_support/tagged_logging.rb:28:in `tagged'
activesupport (6.0.2.2) lib/active_support/tagged_logging.rb:80:in `tagged'
railties (6.0.2.2) lib/rails/rack/logger.rb:26:in `call'
sprockets-rails (3.2.1) lib/sprockets/rails/quiet_assets.rb:13:in `call'
actionpack (6.0.2.2) lib/action_dispatch/middleware/remote_ip.rb:81:in `call'
actionpack (6.0.2.2) lib/action_dispatch/middleware/request_id.rb:27:in `call'
rack (2.2.2) lib/rack/method_override.rb:24:in `call'
rack (2.2.2) lib/rack/runtime.rb:22:in `call'
activesupport (6.0.2.2) lib/active_support/cache/strategy/local_cache_middleware.rb:29:in `call'
actionpack (6.0.2.2) lib/action_dispatch/middleware/executor.rb:14:in `call'
actionpack (6.0.2.2) lib/action_dispatch/middleware/static.rb:126:in `call'
rack (2.2.2) lib/rack/sendfile.rb:110:in `call'
actionpack (6.0.2.2) lib/action_dispatch/middleware/host_authorization.rb:83:in `call'
webpacker (4.2.2) lib/webpacker/dev_server_proxy.rb:23:in `perform_request'
rack-proxy (0.6.5) lib/rack/proxy.rb:57:in `call'
railties (6.0.2.2) lib/rails/engine.rb:526:in `call'
puma (4.3.3) lib/puma/configuration.rb:228:in `call'
puma (4.3.3) lib/puma/server.rb:682:in `handle_request'
puma (4.3.3) lib/puma/server.rb:472:in `process_client'
puma (4.3.3) lib/puma/server.rb:328:in `block in run'
puma (4.3.3) lib/puma/thread_pool.rb:134:in `block in spawn_thread'
Started GET "/posts/new" for ::1 at 2020-04-13 11:40:48 +0100
Processing by PostsController#new as HTML
  Rendering posts/new.html.erb within layouts/application
  Rendered posts/_form.html.erb (Duration: 0.7ms | Allocations: 1134)
  Rendered posts/new.html.erb within layouts/application (Duration: 1.6ms | Allocations: 1438)
Completed 500 Internal Server Error in 19ms (ActiveRecord: 2.9ms | Allocations: 7386)


  
ActionView::Template::Error (First argument in form cannot contain nil or be empty):
    1: <%= form_for @post, html: { multipart: true } do |f| %>
    2: 
    3:     <%= f.file_field :image %>
    4:     <%= f.hidden_field :image_cache %>
  
app/views/posts/_form.html.erb:1
app/views/posts/new.html.erb:3
Started GET "/posts/new" for ::1 at 2020-04-13 11:40:49 +0100
Processing by PostsController#new as HTML
  Rendering posts/new.html.erb within layouts/application
  Rendered posts/_form.html.erb (Duration: 0.4ms | Allocations: 1031)
  Rendered posts/new.html.erb within layouts/application (Duration: 0.6ms | Allocations: 1103)
Completed 500 Internal Server Error in 1ms (ActiveRecord: 0.0ms | Allocations: 1399)


  
ActionView::Template::Error (First argument in form cannot contain nil or be empty):
    1: <%= form_for @post, html: { multipart: true } do |f| %>
    2: 
    3:     <%= f.file_field :image %>
    4:     <%= f.hidden_field :image_cache %>
  
app/views/posts/_form.html.erb:1
app/views/posts/new.html.erb:3
Started GET "/posts/new" for ::1 at 2020-04-13 11:42:04 +0100
Processing by PostsController#new as HTML
  Rendering posts/new.html.erb within layouts/application
  Rendered posts/_form.html.erb (Duration: 5.4ms | Allocations: 916)
  Rendered posts/new.html.erb within layouts/application (Duration: 5.7ms | Allocations: 985)
[Webpacker] Everything's up-to-date. Nothing to do
Completed 200 OK in 26ms (Views: 13.1ms | ActiveRecord: 3.9ms | Allocations: 9992)


